running build
running build_py
creating build/lib.linux-x86_64-3.8
creating build/lib.linux-x86_64-3.8/functions
copying functions/__init__.py -> build/lib.linux-x86_64-3.8/functions
copying functions/ms_deform_attn_func.py -> build/lib.linux-x86_64-3.8/functions
creating build/lib.linux-x86_64-3.8/modules
copying modules/__init__.py -> build/lib.linux-x86_64-3.8/modules
copying modules/ms_deform_attn.py -> build/lib.linux-x86_64-3.8/modules
running build_ext
building 'MultiScaleDeformableAttention' extension
creating build/temp.linux-x86_64-3.8
creating build/temp.linux-x86_64-3.8/data
creating build/temp.linux-x86_64-3.8/data/run01
creating build/temp.linux-x86_64-3.8/data/run01/scv6140
creating build/temp.linux-x86_64-3.8/data/run01/scv6140/ow-detr
creating build/temp.linux-x86_64-3.8/data/run01/scv6140/ow-detr/OW-DETR
creating build/temp.linux-x86_64-3.8/data/run01/scv6140/ow-detr/OW-DETR/models
creating build/temp.linux-x86_64-3.8/data/run01/scv6140/ow-detr/OW-DETR/models/ops
creating build/temp.linux-x86_64-3.8/data/run01/scv6140/ow-detr/OW-DETR/models/ops/src
creating build/temp.linux-x86_64-3.8/data/run01/scv6140/ow-detr/OW-DETR/models/ops/src/cpu
creating build/temp.linux-x86_64-3.8/data/run01/scv6140/ow-detr/OW-DETR/models/ops/src/cuda
gcc -pthread -B /data/home/scv6140/.conda/envs/owdetr-v2/compiler_compat -Wl,--sysroot=/ -Wsign-compare -DNDEBUG -g -fwrapv -O3 -Wall -Wstrict-prototypes -fPIC -DWITH_CUDA -I/data/run01/scv6140/ow-detr/OW-DETR/models/ops/src -I/data/home/scv6140/.conda/envs/owdetr-v2/lib/python3.8/site-packages/torch/include -I/data/home/scv6140/.conda/envs/owdetr-v2/lib/python3.8/site-packages/torch/include/torch/csrc/api/include -I/data/home/scv6140/.conda/envs/owdetr-v2/lib/python3.8/site-packages/torch/include/TH -I/data/home/scv6140/.conda/envs/owdetr-v2/lib/python3.8/site-packages/torch/include/THC -I/data/apps/CUDA/11.3.1/include -I/data/home/scv6140/.conda/envs/owdetr-v2/include/python3.8 -c /data/run01/scv6140/ow-detr/OW-DETR/models/ops/src/cpu/ms_deform_attn_cpu.cpp -o build/temp.linux-x86_64-3.8/data/run01/scv6140/ow-detr/OW-DETR/models/ops/src/cpu/ms_deform_attn_cpu.o -DTORCH_API_INCLUDE_EXTENSION_H -DPYBIND11_COMPILER_TYPE=\"_gcc\" -DPYBIND11_STDLIB=\"_libstdcpp\" -DPYBIND11_BUILD_ABI=\"_cxxabi1013\" -DTORCH_EXTENSION_NAME=MultiScaleDeformableAttention -D_GLIBCXX_USE_CXX11_ABI=0 -std=c++14
cc1plus: warning: command line option ‘-Wstrict-prototypes’ is valid for C/ObjC but not for C++
/data/apps/CUDA/11.3.1/bin/nvcc -DWITH_CUDA -I/data/run01/scv6140/ow-detr/OW-DETR/models/ops/src -I/data/home/scv6140/.conda/envs/owdetr-v2/lib/python3.8/site-packages/torch/include -I/data/home/scv6140/.conda/envs/owdetr-v2/lib/python3.8/site-packages/torch/include/torch/csrc/api/include -I/data/home/scv6140/.conda/envs/owdetr-v2/lib/python3.8/site-packages/torch/include/TH -I/data/home/scv6140/.conda/envs/owdetr-v2/lib/python3.8/site-packages/torch/include/THC -I/data/apps/CUDA/11.3.1/include -I/data/home/scv6140/.conda/envs/owdetr-v2/include/python3.8 -c /data/run01/scv6140/ow-detr/OW-DETR/models/ops/src/cuda/ms_deform_attn_cuda.cu -o build/temp.linux-x86_64-3.8/data/run01/scv6140/ow-detr/OW-DETR/models/ops/src/cuda/ms_deform_attn_cuda.o -D__CUDA_NO_HALF_OPERATORS__ -D__CUDA_NO_HALF_CONVERSIONS__ -D__CUDA_NO_BFLOAT16_CONVERSIONS__ -D__CUDA_NO_HALF2_OPERATORS__ --expt-relaxed-constexpr --compiler-options '-fPIC' -DCUDA_HAS_FP16=1 -D__CUDA_NO_HALF_OPERATORS__ -D__CUDA_NO_HALF_CONVERSIONS__ -D__CUDA_NO_HALF2_OPERATORS__ -DTORCH_API_INCLUDE_EXTENSION_H -DPYBIND11_COMPILER_TYPE=\"_gcc\" -DPYBIND11_STDLIB=\"_libstdcpp\" -DPYBIND11_BUILD_ABI=\"_cxxabi1013\" -DTORCH_EXTENSION_NAME=MultiScaleDeformableAttention -D_GLIBCXX_USE_CXX11_ABI=0 -gencode=arch=compute_70,code=compute_70 -gencode=arch=compute_70,code=sm_70 -std=c++14
/data/home/scv6140/.conda/envs/owdetr-v2/lib/python3.8/site-packages/torch/include/c10/core/SymInt.h(84): warning: integer conversion resulted in a change of sign

/data/run01/scv6140/ow-detr/OW-DETR/models/ops/src/cuda/ms_deform_im2col_cuda.cuh(261): warning: variable "q_col" was declared but never referenced
          detected during instantiation of "void ms_deformable_im2col_cuda(cudaStream_t, const scalar_t *, const int64_t *, const int64_t *, const scalar_t *, const scalar_t *, int, int, int, int, int, int, int, scalar_t *) [with scalar_t=double]" 
/data/run01/scv6140/ow-detr/OW-DETR/models/ops/src/cuda/ms_deform_attn_cuda.cu(64): here

/data/run01/scv6140/ow-detr/OW-DETR/models/ops/src/cuda/ms_deform_im2col_cuda.cuh(762): warning: variable "q_col" was declared but never referenced
          detected during instantiation of "void ms_deformable_col2im_cuda(cudaStream_t, const scalar_t *, const scalar_t *, const int64_t *, const int64_t *, const scalar_t *, const scalar_t *, int, int, int, int, int, int, int, scalar_t *, scalar_t *, scalar_t *) [with scalar_t=double]" 
/data/run01/scv6140/ow-detr/OW-DETR/models/ops/src/cuda/ms_deform_attn_cuda.cu(134): here

/data/run01/scv6140/ow-detr/OW-DETR/models/ops/src/cuda/ms_deform_im2col_cuda.cuh(872): warning: variable "q_col" was declared but never referenced
          detected during instantiation of "void ms_deformable_col2im_cuda(cudaStream_t, const scalar_t *, const scalar_t *, const int64_t *, const int64_t *, const scalar_t *, const scalar_t *, int, int, int, int, int, int, int, scalar_t *, scalar_t *, scalar_t *) [with scalar_t=double]" 
/data/run01/scv6140/ow-detr/OW-DETR/models/ops/src/cuda/ms_deform_attn_cuda.cu(134): here

/data/run01/scv6140/ow-detr/OW-DETR/models/ops/src/cuda/ms_deform_im2col_cuda.cuh(331): warning: variable "q_col" was declared but never referenced
          detected during instantiation of "void ms_deformable_col2im_cuda(cudaStream_t, const scalar_t *, const scalar_t *, const int64_t *, const int64_t *, const scalar_t *, const scalar_t *, int, int, int, int, int, int, int, scalar_t *, scalar_t *, scalar_t *) [with scalar_t=double]" 
/data/run01/scv6140/ow-detr/OW-DETR/models/ops/src/cuda/ms_deform_attn_cuda.cu(134): here

/data/run01/scv6140/ow-detr/OW-DETR/models/ops/src/cuda/ms_deform_im2col_cuda.cuh(436): warning: variable "q_col" was declared but never referenced
          detected during instantiation of "void ms_deformable_col2im_cuda(cudaStream_t, const scalar_t *, const scalar_t *, const int64_t *, const int64_t *, const scalar_t *, const scalar_t *, int, int, int, int, int, int, int, scalar_t *, scalar_t *, scalar_t *) [with scalar_t=double]" 
/data/run01/scv6140/ow-detr/OW-DETR/models/ops/src/cuda/ms_deform_attn_cuda.cu(134): here

/data/run01/scv6140/ow-detr/OW-DETR/models/ops/src/cuda/ms_deform_im2col_cuda.cuh(544): warning: variable "q_col" was declared but never referenced
          detected during instantiation of "void ms_deformable_col2im_cuda(cudaStream_t, const scalar_t *, const scalar_t *, const int64_t *, const int64_t *, const scalar_t *, const scalar_t *, int, int, int, int, int, int, int, scalar_t *, scalar_t *, scalar_t *) [with scalar_t=double]" 
/data/run01/scv6140/ow-detr/OW-DETR/models/ops/src/cuda/ms_deform_attn_cuda.cu(134): here

/data/run01/scv6140/ow-detr/OW-DETR/models/ops/src/cuda/ms_deform_im2col_cuda.cuh(649): warning: variable "q_col" was declared but never referenced
          detected during instantiation of "void ms_deformable_col2im_cuda(cudaStream_t, const scalar_t *, const scalar_t *, const int64_t *, const int64_t *, const scalar_t *, const scalar_t *, int, int, int, int, int, int, int, scalar_t *, scalar_t *, scalar_t *) [with scalar_t=double]" 
/data/run01/scv6140/ow-detr/OW-DETR/models/ops/src/cuda/ms_deform_attn_cuda.cu(134): here

/data/home/scv6140/.conda/envs/owdetr-v2/lib/python3.8/site-packages/torch/include/c10/core/SymInt.h(84): warning: integer conversion resulted in a change of sign

/data/run01/scv6140/ow-detr/OW-DETR/models/ops/src/cuda/ms_deform_attn_cuda.cu: In function ‘at::Tensor ms_deform_attn_cuda_forward(const at::Tensor&, const at::Tensor&, const at::Tensor&, const at::Tensor&, const at::Tensor&, int)’:
/data/run01/scv6140/ow-detr/OW-DETR/models/ops/src/cuda/ms_deform_attn_cuda.cu:34:62: warning: ‘at::DeprecatedTypeProperties& at::Tensor::type() const’ is deprecated: Tensor.type() is deprecated. Instead use Tensor.options(), which in many cases (e.g. in a constructor) is a drop-in replacement. If you were using data from type(), that is now available from Tensor itself, so instead of tensor.type().scalar_type(), use tensor.scalar_type() instead and instead of tensor.type().backend() use tensor.device(). [-Wdeprecated-declarations]
     AT_ASSERTM(value.type().is_cuda(), "value must be a CUDA tensor");
                                                              ^
/data/home/scv6140/.conda/envs/owdetr-v2/lib/python3.8/site-packages/torch/include/ATen/core/TensorBody.h:213:1: note: declared here
   DeprecatedTypeProperties & type() const {
 ^ ~~
/data/run01/scv6140/ow-detr/OW-DETR/models/ops/src/cuda/ms_deform_attn_cuda.cu:35:71: warning: ‘at::DeprecatedTypeProperties& at::Tensor::type() const’ is deprecated: Tensor.type() is deprecated. Instead use Tensor.options(), which in many cases (e.g. in a constructor) is a drop-in replacement. If you were using data from type(), that is now available from Tensor itself, so instead of tensor.type().scalar_type(), use tensor.scalar_type() instead and instead of tensor.type().backend() use tensor.device(). [-Wdeprecated-declarations]
     AT_ASSERTM(spatial_shapes.type().is_cuda(), "spatial_shapes must be a CUDA tensor");
                                                                       ^
/data/home/scv6140/.conda/envs/owdetr-v2/lib/python3.8/site-packages/torch/include/ATen/core/TensorBody.h:213:1: note: declared here
   DeprecatedTypeProperties & type() const {
 ^ ~~
/data/run01/scv6140/ow-detr/OW-DETR/models/ops/src/cuda/ms_deform_attn_cuda.cu:36:74: warning: ‘at::DeprecatedTypeProperties& at::Tensor::type() const’ is deprecated: Tensor.type() is deprecated. Instead use Tensor.options(), which in many cases (e.g. in a constructor) is a drop-in replacement. If you were using data from type(), that is now available from Tensor itself, so instead of tensor.type().scalar_type(), use tensor.scalar_type() instead and instead of tensor.type().backend() use tensor.device(). [-Wdeprecated-declarations]
     AT_ASSERTM(level_start_index.type().is_cuda(), "level_start_index must be a CUDA tensor");
                                                                          ^
/data/home/scv6140/.conda/envs/owdetr-v2/lib/python3.8/site-packages/torch/include/ATen/core/TensorBody.h:213:1: note: declared here
   DeprecatedTypeProperties & type() const {
 ^ ~~
/data/run01/scv6140/ow-detr/OW-DETR/models/ops/src/cuda/ms_deform_attn_cuda.cu:37:69: warning: ‘at::DeprecatedTypeProperties& at::Tensor::type() const’ is deprecated: Tensor.type() is deprecated. Instead use Tensor.options(), which in many cases (e.g. in a constructor) is a drop-in replacement. If you were using data from type(), that is now available from Tensor itself, so instead of tensor.type().scalar_type(), use tensor.scalar_type() instead and instead of tensor.type().backend() use tensor.device(). [-Wdeprecated-declarations]
     AT_ASSERTM(sampling_loc.type().is_cuda(), "sampling_loc must be a CUDA tensor");
                                                                     ^
/data/home/scv6140/.conda/envs/owdetr-v2/lib/python3.8/site-packages/torch/include/ATen/core/TensorBody.h:213:1: note: declared here
   DeprecatedTypeProperties & type() const {
 ^ ~~
/data/run01/scv6140/ow-detr/OW-DETR/models/ops/src/cuda/ms_deform_attn_cuda.cu:38:68: warning: ‘at::DeprecatedTypeProperties& at::Tensor::type() const’ is deprecated: Tensor.type() is deprecated. Instead use Tensor.options(), which in many cases (e.g. in a constructor) is a drop-in replacement. If you were using data from type(), that is now available from Tensor itself, so instead of tensor.type().scalar_type(), use tensor.scalar_type() instead and instead of tensor.type().backend() use tensor.device(). [-Wdeprecated-declarations]
     AT_ASSERTM(attn_weight.type().is_cuda(), "attn_weight must be a CUDA tensor");
                                                                    ^
/data/home/scv6140/.conda/envs/owdetr-v2/lib/python3.8/site-packages/torch/include/ATen/core/TensorBody.h:213:1: note: declared here
   DeprecatedTypeProperties & type() const {
 ^ ~~
/data/run01/scv6140/ow-detr/OW-DETR/models/ops/src/cuda/ms_deform_attn_cuda.cu: In lambda function:
/data/run01/scv6140/ow-detr/OW-DETR/models/ops/src/cuda/ms_deform_attn_cuda.cu:64:43: warning: ‘at::DeprecatedTypeProperties& at::Tensor::type() const’ is deprecated: Tensor.type() is deprecated. Instead use Tensor.options(), which in many cases (e.g. in a constructor) is a drop-in replacement. If you were using data from type(), that is now available from Tensor itself, so instead of tensor.type().scalar_type(), use tensor.scalar_type() instead and instead of tensor.type().backend() use tensor.device(). [-Wdeprecated-declarations]
         AT_DISPATCH_FLOATING_TYPES(value.type(), "ms_deform_attn_forward_cuda", ([&] {
                                           ^
/data/home/scv6140/.conda/envs/owdetr-v2/lib/python3.8/site-packages/torch/include/ATen/core/TensorBody.h:213:1: note: declared here
   DeprecatedTypeProperties & type() const {
 ^ ~~
/data/run01/scv6140/ow-detr/OW-DETR/models/ops/src/cuda/ms_deform_attn_cuda.cu:64:98: warning: ‘c10::ScalarType detail::scalar_type(const at::DeprecatedTypeProperties&)’ is deprecated: passing at::DeprecatedTypeProperties to an AT_DISPATCH macro is deprecated, pass an at::ScalarType instead [-Wdeprecated-declarations]
         AT_DISPATCH_FLOATING_TYPES(value.type(), "ms_deform_attn_forward_cuda", ([&] {
                                                                                                  ^
/data/home/scv6140/.conda/envs/owdetr-v2/lib/python3.8/site-packages/torch/include/ATen/Dispatch.h:178:1: note: declared here
 inline at::ScalarType scalar_type(const at::DeprecatedTypeProperties& t) {
 ^~~~~~~~~~~
/data/run01/scv6140/ow-detr/OW-DETR/models/ops/src/cuda/ms_deform_attn_cuda.cu: In lambda function:
/data/run01/scv6140/ow-detr/OW-DETR/models/ops/src/cuda/ms_deform_attn_cuda.cu:64:831: warning: ‘T* at::Tensor::data() const [with T = double]’ is deprecated: Tensor.data<T>() is deprecated. Please use Tensor.data_ptr<T>() instead. [-Wdeprecated-declarations]
         AT_DISPATCH_FLOATING_TYPES(value.type(), "ms_deform_attn_forward_cuda", ([&] {
                                                                                                                                                                                                                                                                                                                                                                                                                                                                                                                                                                                                                                                                                                                                                                                                                                                               ^
/data/home/scv6140/.conda/envs/owdetr-v2/lib/python3.8/site-packages/torch/include/ATen/core/TensorBody.h:235:1: note: declared here
   T * data() const {
 ^ ~~
/data/run01/scv6140/ow-detr/OW-DETR/models/ops/src/cuda/ms_deform_attn_cuda.cu:64:910: warning: ‘T* at::Tensor::data() const [with T = long int]’ is deprecated: Tensor.data<T>() is deprecated. Please use Tensor.data_ptr<T>() instead. [-Wdeprecated-declarations]
         AT_DISPATCH_FLOATING_TYPES(value.type(), "ms_deform_attn_forward_cuda", ([&] {
                                                                                                                                                                                                                                                                                                                                                                                                                                                                                                                                                                                                                                                                                                                                                                                                                                                                                                                                              ^
/data/home/scv6140/.conda/envs/owdetr-v2/lib/python3.8/site-packages/torch/include/ATen/core/TensorBody.h:235:1: note: declared here
   T * data() const {
 ^ ~~
/data/run01/scv6140/ow-detr/OW-DETR/models/ops/src/cuda/ms_deform_attn_cuda.cu:64:946: warning: ‘T* at::Tensor::data() const [with T = long int]’ is deprecated: Tensor.data<T>() is deprecated. Please use Tensor.data_ptr<T>() instead. [-Wdeprecated-declarations]
         AT_DISPATCH_FLOATING_TYPES(value.type(), "ms_deform_attn_forward_cuda", ([&] {
                                                                                                                                                                                                                                                                                                                                                                                                                                                                                                                                                                                                                                                                                                                                                                                                                                                                                                                                                                                  ^
/data/home/scv6140/.conda/envs/owdetr-v2/lib/python3.8/site-packages/torch/include/ATen/core/TensorBody.h:235:1: note: declared here
   T * data() const {
 ^ ~~
/data/run01/scv6140/ow-detr/OW-DETR/models/ops/src/cuda/ms_deform_attn_cuda.cu:64:979: warning: ‘T* at::Tensor::data() const [with T = double]’ is deprecated: Tensor.data<T>() is deprecated. Please use Tensor.data_ptr<T>() instead. [-Wdeprecated-declarations]
         AT_DISPATCH_FLOATING_TYPES(value.type(), "ms_deform_attn_forward_cuda", ([&] {
                                                                                                                                                                                                                                                                                                                                                                                                                                                                                                                                                                                                                                                                                                                                                                                                                                                                                                                                                                                                                   ^
/data/home/scv6140/.conda/envs/owdetr-v2/lib/python3.8/site-packages/torch/include/ATen/core/TensorBody.h:235:1: note: declared here
   T * data() const {
 ^ ~~
/data/run01/scv6140/ow-detr/OW-DETR/models/ops/src/cuda/ms_deform_attn_cuda.cu:64:1062: warning: ‘T* at::Tensor::data() const [with T = double]’ is deprecated: Tensor.data<T>() is deprecated. Please use Tensor.data_ptr<T>() instead. [-Wdeprecated-declarations]
         AT_DISPATCH_FLOATING_TYPES(value.type(), "ms_deform_attn_forward_cuda", ([&] {
                                                                                                                                                                                                                                                                                                                                                                                                                                                                                                                                                                                                                                                                                                                                                                                                                                                                                                                                                                                                                                                                                                      ^
/data/home/scv6140/.conda/envs/owdetr-v2/lib/python3.8/site-packages/torch/include/ATen/core/TensorBody.h:235:1: note: declared here
   T * data() const {
 ^ ~~
/data/run01/scv6140/ow-detr/OW-DETR/models/ops/src/cuda/ms_deform_attn_cuda.cu:64:1220: warning: ‘T* at::Tensor::data() const [with T = double]’ is deprecated: Tensor.data<T>() is deprecated. Please use Tensor.data_ptr<T>() instead. [-Wdeprecated-declarations]
         AT_DISPATCH_FLOATING_TYPES(value.type(), "ms_deform_attn_forward_cuda", ([&] {
                                                                                                                                                                                                                                                                                                                                                                                                                                                                                                                                                                                                                                                                                                                                                                                                                                                                                                                                                                                                                                                                                                                                                                                                                                                                    ^
/data/home/scv6140/.conda/envs/owdetr-v2/lib/python3.8/site-packages/torch/include/ATen/core/TensorBody.h:235:1: note: declared here
   T * data() const {
 ^ ~~
/data/run01/scv6140/ow-detr/OW-DETR/models/ops/src/cuda/ms_deform_attn_cuda.cu: In lambda function:
/data/run01/scv6140/ow-detr/OW-DETR/models/ops/src/cuda/ms_deform_attn_cuda.cu:64:1942: warning: ‘T* at::Tensor::data() const [with T = float]’ is deprecated: Tensor.data<T>() is deprecated. Please use Tensor.data_ptr<T>() instead. [-Wdeprecated-declarations]
         AT_DISPATCH_FLOATING_TYPES(value.type(), "ms_deform_attn_forward_cuda", ([&] {
                                                                                                                                                                                                                                                                                                                                                                                                                                                                                                                                                                                                                                                                                                                                                                                                                                                                                                                                                                                                                                                                                                                                                                                                                                                                                                                                                                                                                                                                                                                                                                                                                                                                                                                                                                                                                                                                                                                                                                                                                      ^
/data/home/scv6140/.conda/envs/owdetr-v2/lib/python3.8/site-packages/torch/include/ATen/core/TensorBody.h:235:1: note: declared here
   T * data() const {
 ^ ~~
/data/run01/scv6140/ow-detr/OW-DETR/models/ops/src/cuda/ms_deform_attn_cuda.cu:64:2021: warning: ‘T* at::Tensor::data() const [with T = long int]’ is deprecated: Tensor.data<T>() is deprecated. Please use Tensor.data_ptr<T>() instead. [-Wdeprecated-declarations]
         AT_DISPATCH_FLOATING_TYPES(value.type(), "ms_deform_attn_forward_cuda", ([&] {
                                                                                                                                                                                                                                                                                                                                                                                                                                                                                                                                                                                                                                                                                                                                                                                                                                                                                                                                                                                                                                                                                                                                                                                                                                                                                                                                                                                                                                                                                                                                                                                                                                                                                                                                                                                                                                                                                                                                                                                                                                                                                                     ^
/data/home/scv6140/.conda/envs/owdetr-v2/lib/python3.8/site-packages/torch/include/ATen/core/TensorBody.h:235:1: note: declared here
   T * data() const {
 ^ ~~
/data/run01/scv6140/ow-detr/OW-DETR/models/ops/src/cuda/ms_deform_attn_cuda.cu:64:2057: warning: ‘T* at::Tensor::data() const [with T = long int]’ is deprecated: Tensor.data<T>() is deprecated. Please use Tensor.data_ptr<T>() instead. [-Wdeprecated-declarations]
         AT_DISPATCH_FLOATING_TYPES(value.type(), "ms_deform_attn_forward_cuda", ([&] {
                                                                                                                                                                                                                                                                                                                                                                                                                                                                                                                                                                                                                                                                                                                                                                                                                                                                                                                                                                                                                                                                                                                                                                                                                                                                                                                                                                                                                                                                                                                                                                                                                                                                                                                                                                                                                                                                                                                                                                                                                                                                                                                                         ^
/data/home/scv6140/.conda/envs/owdetr-v2/lib/python3.8/site-packages/torch/include/ATen/core/TensorBody.h:235:1: note: declared here
   T * data() const {
 ^ ~~
/data/run01/scv6140/ow-detr/OW-DETR/models/ops/src/cuda/ms_deform_attn_cuda.cu:64:2089: warning: ‘T* at::Tensor::data() const [with T = float]’ is deprecated: Tensor.data<T>() is deprecated. Please use Tensor.data_ptr<T>() instead. [-Wdeprecated-declarations]
         AT_DISPATCH_FLOATING_TYPES(value.type(), "ms_deform_attn_forward_cuda", ([&] {
                                                                                                                                                                                                                                                                                                                                                                                                                                                                                                                                                                                                                                                                                                                                                                                                                                                                                                                                                                                                                                                                                                                                                                                                                                                                                                                                                                                                                                                                                                                                                                                                                                                                                                                                                                                                                                                                                                                                                                                                                                                                                                                                                                         ^
/data/home/scv6140/.conda/envs/owdetr-v2/lib/python3.8/site-packages/torch/include/ATen/core/TensorBody.h:235:1: note: declared here
   T * data() const {
 ^ ~~
/data/run01/scv6140/ow-detr/OW-DETR/models/ops/src/cuda/ms_deform_attn_cuda.cu:64:2171: warning: ‘T* at::Tensor::data() const [with T = float]’ is deprecated: Tensor.data<T>() is deprecated. Please use Tensor.data_ptr<T>() instead. [-Wdeprecated-declarations]
         AT_DISPATCH_FLOATING_TYPES(value.type(), "ms_deform_attn_forward_cuda", ([&] {
                                                                                                                                                                                                                                                                                                                                                                                                                                                                                                                                                                                                                                                                                                                                                                                                                                                                                                                                                                                                                                                                                                                                                                                                                                                                                                                                                                                                                                                                                                                                                                                                                                                                                                                                                                                                                                                                                                                                                                                                                                                                                                                                                                                                                                                           ^
/data/home/scv6140/.conda/envs/owdetr-v2/lib/python3.8/site-packages/torch/include/ATen/core/TensorBody.h:235:1: note: declared here
   T * data() const {
 ^ ~~
/data/run01/scv6140/ow-detr/OW-DETR/models/ops/src/cuda/ms_deform_attn_cuda.cu:64:2328: warning: ‘T* at::Tensor::data() const [with T = float]’ is deprecated: Tensor.data<T>() is deprecated. Please use Tensor.data_ptr<T>() instead. [-Wdeprecated-declarations]
         AT_DISPATCH_FLOATING_TYPES(value.type(), "ms_deform_attn_forward_cuda", ([&] {
                                                                                                                                                                                                                                                                                                                                                                                                                                                                                                                                                                                                                                                                                                                                                                                                                                                                                                                                                                                                                                                                                                                                                                                                                                                                                                                                                                                                                                                                                                                                                                                                                                                                                                                                                                                                                                                                                                                                                                                                                                                                                                                                                                                                                                                                                                                                                                                                                        ^
/data/home/scv6140/.conda/envs/owdetr-v2/lib/python3.8/site-packages/torch/include/ATen/core/TensorBody.h:235:1: note: declared here
   T * data() const {
 ^ ~~
/data/run01/scv6140/ow-detr/OW-DETR/models/ops/src/cuda/ms_deform_attn_cuda.cu: In function ‘std::vector<at::Tensor> ms_deform_attn_cuda_backward(const at::Tensor&, const at::Tensor&, const at::Tensor&, const at::Tensor&, const at::Tensor&, const at::Tensor&, int)’:
/data/run01/scv6140/ow-detr/OW-DETR/models/ops/src/cuda/ms_deform_attn_cuda.cu:100:62: warning: ‘at::DeprecatedTypeProperties& at::Tensor::type() const’ is deprecated: Tensor.type() is deprecated. Instead use Tensor.options(), which in many cases (e.g. in a constructor) is a drop-in replacement. If you were using data from type(), that is now available from Tensor itself, so instead of tensor.type().scalar_type(), use tensor.scalar_type() instead and instead of tensor.type().backend() use tensor.device(). [-Wdeprecated-declarations]
     AT_ASSERTM(value.type().is_cuda(), "value must be a CUDA tensor");
                                                              ^
/data/home/scv6140/.conda/envs/owdetr-v2/lib/python3.8/site-packages/torch/include/ATen/core/TensorBody.h:213:1: note: declared here
   DeprecatedTypeProperties & type() const {
 ^ ~~
/data/run01/scv6140/ow-detr/OW-DETR/models/ops/src/cuda/ms_deform_attn_cuda.cu:101:71: warning: ‘at::DeprecatedTypeProperties& at::Tensor::type() const’ is deprecated: Tensor.type() is deprecated. Instead use Tensor.options(), which in many cases (e.g. in a constructor) is a drop-in replacement. If you were using data from type(), that is now available from Tensor itself, so instead of tensor.type().scalar_type(), use tensor.scalar_type() instead and instead of tensor.type().backend() use tensor.device(). [-Wdeprecated-declarations]
     AT_ASSERTM(spatial_shapes.type().is_cuda(), "spatial_shapes must be a CUDA tensor");
                                                                       ^
/data/home/scv6140/.conda/envs/owdetr-v2/lib/python3.8/site-packages/torch/include/ATen/core/TensorBody.h:213:1: note: declared here
   DeprecatedTypeProperties & type() const {
 ^ ~~
/data/run01/scv6140/ow-detr/OW-DETR/models/ops/src/cuda/ms_deform_attn_cuda.cu:102:74: warning: ‘at::DeprecatedTypeProperties& at::Tensor::type() const’ is deprecated: Tensor.type() is deprecated. Instead use Tensor.options(), which in many cases (e.g. in a constructor) is a drop-in replacement. If you were using data from type(), that is now available from Tensor itself, so instead of tensor.type().scalar_type(), use tensor.scalar_type() instead and instead of tensor.type().backend() use tensor.device(). [-Wdeprecated-declarations]
     AT_ASSERTM(level_start_index.type().is_cuda(), "level_start_index must be a CUDA tensor");
                                                                          ^
/data/home/scv6140/.conda/envs/owdetr-v2/lib/python3.8/site-packages/torch/include/ATen/core/TensorBody.h:213:1: note: declared here
   DeprecatedTypeProperties & type() const {
 ^ ~~
/data/run01/scv6140/ow-detr/OW-DETR/models/ops/src/cuda/ms_deform_attn_cuda.cu:103:69: warning: ‘at::DeprecatedTypeProperties& at::Tensor::type() const’ is deprecated: Tensor.type() is deprecated. Instead use Tensor.options(), which in many cases (e.g. in a constructor) is a drop-in replacement. If you were using data from type(), that is now available from Tensor itself, so instead of tensor.type().scalar_type(), use tensor.scalar_type() instead and instead of tensor.type().backend() use tensor.device(). [-Wdeprecated-declarations]
     AT_ASSERTM(sampling_loc.type().is_cuda(), "sampling_loc must be a CUDA tensor");
                                                                     ^
/data/home/scv6140/.conda/envs/owdetr-v2/lib/python3.8/site-packages/torch/include/ATen/core/TensorBody.h:213:1: note: declared here
   DeprecatedTypeProperties & type() const {
 ^ ~~
/data/run01/scv6140/ow-detr/OW-DETR/models/ops/src/cuda/ms_deform_attn_cuda.cu:104:68: warning: ‘at::DeprecatedTypeProperties& at::Tensor::type() const’ is deprecated: Tensor.type() is deprecated. Instead use Tensor.options(), which in many cases (e.g. in a constructor) is a drop-in replacement. If you were using data from type(), that is now available from Tensor itself, so instead of tensor.type().scalar_type(), use tensor.scalar_type() instead and instead of tensor.type().backend() use tensor.device(). [-Wdeprecated-declarations]
     AT_ASSERTM(attn_weight.type().is_cuda(), "attn_weight must be a CUDA tensor");
                                                                    ^
/data/home/scv6140/.conda/envs/owdetr-v2/lib/python3.8/site-packages/torch/include/ATen/core/TensorBody.h:213:1: note: declared here
   DeprecatedTypeProperties & type() const {
 ^ ~~
/data/run01/scv6140/ow-detr/OW-DETR/models/ops/src/cuda/ms_deform_attn_cuda.cu:105:68: warning: ‘at::DeprecatedTypeProperties& at::Tensor::type() const’ is deprecated: Tensor.type() is deprecated. Instead use Tensor.options(), which in many cases (e.g. in a constructor) is a drop-in replacement. If you were using data from type(), that is now available from Tensor itself, so instead of tensor.type().scalar_type(), use tensor.scalar_type() instead and instead of tensor.type().backend() use tensor.device(). [-Wdeprecated-declarations]
     AT_ASSERTM(grad_output.type().is_cuda(), "grad_output must be a CUDA tensor");
                                                                    ^
/data/home/scv6140/.conda/envs/owdetr-v2/lib/python3.8/site-packages/torch/include/ATen/core/TensorBody.h:213:1: note: declared here
   DeprecatedTypeProperties & type() const {
 ^ ~~
/data/run01/scv6140/ow-detr/OW-DETR/models/ops/src/cuda/ms_deform_attn_cuda.cu: In lambda function:
/data/run01/scv6140/ow-detr/OW-DETR/models/ops/src/cuda/ms_deform_attn_cuda.cu:134:43: warning: ‘at::DeprecatedTypeProperties& at::Tensor::type() const’ is deprecated: Tensor.type() is deprecated. Instead use Tensor.options(), which in many cases (e.g. in a constructor) is a drop-in replacement. If you were using data from type(), that is now available from Tensor itself, so instead of tensor.type().scalar_type(), use tensor.scalar_type() instead and instead of tensor.type().backend() use tensor.device(). [-Wdeprecated-declarations]
         AT_DISPATCH_FLOATING_TYPES(value.type(), "ms_deform_attn_backward_cuda", ([&] {
                                           ^
/data/home/scv6140/.conda/envs/owdetr-v2/lib/python3.8/site-packages/torch/include/ATen/core/TensorBody.h:213:1: note: declared here
   DeprecatedTypeProperties & type() const {
 ^ ~~
/data/run01/scv6140/ow-detr/OW-DETR/models/ops/src/cuda/ms_deform_attn_cuda.cu:134:98: warning: ‘c10::ScalarType detail::scalar_type(const at::DeprecatedTypeProperties&)’ is deprecated: passing at::DeprecatedTypeProperties to an AT_DISPATCH macro is deprecated, pass an at::ScalarType instead [-Wdeprecated-declarations]
         AT_DISPATCH_FLOATING_TYPES(value.type(), "ms_deform_attn_backward_cuda", ([&] {
                                                                                                  ^
/data/home/scv6140/.conda/envs/owdetr-v2/lib/python3.8/site-packages/torch/include/ATen/Dispatch.h:178:1: note: declared here
 inline at::ScalarType scalar_type(const at::DeprecatedTypeProperties& t) {
 ^~~~~~~~~~~
/data/run01/scv6140/ow-detr/OW-DETR/models/ops/src/cuda/ms_deform_attn_cuda.cu: In lambda function:
/data/run01/scv6140/ow-detr/OW-DETR/models/ops/src/cuda/ms_deform_attn_cuda.cu:134:841: warning: ‘T* at::Tensor::data() const [with T = double]’ is deprecated: Tensor.data<T>() is deprecated. Please use Tensor.data_ptr<T>() instead. [-Wdeprecated-declarations]
         AT_DISPATCH_FLOATING_TYPES(value.type(), "ms_deform_attn_backward_cuda", ([&] {
                                                                                                                                                                                                                                                                                                                                                                                                                                                                                                                                                                                                                                                                                                                                                                                                                                                                         ^
/data/home/scv6140/.conda/envs/owdetr-v2/lib/python3.8/site-packages/torch/include/ATen/core/TensorBody.h:235:1: note: declared here
   T * data() const {
 ^ ~~
/data/run01/scv6140/ow-detr/OW-DETR/models/ops/src/cuda/ms_deform_attn_cuda.cu:134:867: warning: ‘T* at::Tensor::data() const [with T = double]’ is deprecated: Tensor.data<T>() is deprecated. Please use Tensor.data_ptr<T>() instead. [-Wdeprecated-declarations]
         AT_DISPATCH_FLOATING_TYPES(value.type(), "ms_deform_attn_backward_cuda", ([&] {
                                                                                                                                                                                                                                                                                                                                                                                                                                                                                                                                                                                                                                                                                                                                                                                                                                                                                                   ^
/data/home/scv6140/.conda/envs/owdetr-v2/lib/python3.8/site-packages/torch/include/ATen/core/TensorBody.h:235:1: note: declared here
   T * data() const {
 ^ ~~
/data/run01/scv6140/ow-detr/OW-DETR/models/ops/src/cuda/ms_deform_attn_cuda.cu:134:946: warning: ‘T* at::Tensor::data() const [with T = long int]’ is deprecated: Tensor.data<T>() is deprecated. Please use Tensor.data_ptr<T>() instead. [-Wdeprecated-declarations]
         AT_DISPATCH_FLOATING_TYPES(value.type(), "ms_deform_attn_backward_cuda", ([&] {
                                                                                                                                                                                                                                                                                                                                                                                                                                                                                                                                                                                                                                                                                                                                                                                                                                                                                                                                                                                  ^
/data/home/scv6140/.conda/envs/owdetr-v2/lib/python3.8/site-packages/torch/include/ATen/core/TensorBody.h:235:1: note: declared here
   T * data() const {
 ^ ~~
/data/run01/scv6140/ow-detr/OW-DETR/models/ops/src/cuda/ms_deform_attn_cuda.cu:134:982: warning: ‘T* at::Tensor::data() const [with T = long int]’ is deprecated: Tensor.data<T>() is deprecated. Please use Tensor.data_ptr<T>() instead. [-Wdeprecated-declarations]
         AT_DISPATCH_FLOATING_TYPES(value.type(), "ms_deform_attn_backward_cuda", ([&] {
                                                                                                                                                                                                                                                                                                                                                                                                                                                                                                                                                                                                                                                                                                                                                                                                                                                                                                                                                                                                                      ^
/data/home/scv6140/.conda/envs/owdetr-v2/lib/python3.8/site-packages/torch/include/ATen/core/TensorBody.h:235:1: note: declared here
   T * data() const {
 ^ ~~
/data/run01/scv6140/ow-detr/OW-DETR/models/ops/src/cuda/ms_deform_attn_cuda.cu:134:1015: warning: ‘T* at::Tensor::data() const [with T = double]’ is deprecated: Tensor.data<T>() is deprecated. Please use Tensor.data_ptr<T>() instead. [-Wdeprecated-declarations]
         AT_DISPATCH_FLOATING_TYPES(value.type(), "ms_deform_attn_backward_cuda", ([&] {
                                                                                                                                                                                                                                                                                                                                                                                                                                                                                                                                                                                                                                                                                                                                                                                                                                                                                                                                                                                                                                                       ^
/data/home/scv6140/.conda/envs/owdetr-v2/lib/python3.8/site-packages/torch/include/ATen/core/TensorBody.h:235:1: note: declared here
   T * data() const {
 ^ ~~
/data/run01/scv6140/ow-detr/OW-DETR/models/ops/src/cuda/ms_deform_attn_cuda.cu:134:1098: warning: ‘T* at::Tensor::data() const [with T = double]’ is deprecated: Tensor.data<T>() is deprecated. Please use Tensor.data_ptr<T>() instead. [-Wdeprecated-declarations]
         AT_DISPATCH_FLOATING_TYPES(value.type(), "ms_deform_attn_backward_cuda", ([&] {
                                                                                                                                                                                                                                                                                                                                                                                                                                                                                                                                                                                                                                                                                                                                                                                                                                                                                                                                                                                                                                                                                                                                          ^
/data/home/scv6140/.conda/envs/owdetr-v2/lib/python3.8/site-packages/torch/include/ATen/core/TensorBody.h:235:1: note: declared here
   T * data() const {
 ^ ~~
/data/run01/scv6140/ow-detr/OW-DETR/models/ops/src/cuda/ms_deform_attn_cuda.cu:134:1259: warning: ‘T* at::Tensor::data() const [with T = double]’ is deprecated: Tensor.data<T>() is deprecated. Please use Tensor.data_ptr<T>() instead. [-Wdeprecated-declarations]
         AT_DISPATCH_FLOATING_TYPES(value.type(), "ms_deform_attn_backward_cuda", ([&] {
                                                                                                                                                                                                                                                                                                                                                                                                                                                                                                                                                                                                                                                                                                                                                                                                                                                                                                                                                                                                                                                                                                                                                                                                                                                                                                           ^
/data/home/scv6140/.conda/envs/owdetr-v2/lib/python3.8/site-packages/torch/include/ATen/core/TensorBody.h:235:1: note: declared here
   T * data() const {
 ^ ~~
/data/run01/scv6140/ow-detr/OW-DETR/models/ops/src/cuda/ms_deform_attn_cuda.cu:134:1343: warning: ‘T* at::Tensor::data() const [with T = double]’ is deprecated: Tensor.data<T>() is deprecated. Please use Tensor.data_ptr<T>() instead. [-Wdeprecated-declarations]
         AT_DISPATCH_FLOATING_TYPES(value.type(), "ms_deform_attn_backward_cuda", ([&] {
                                                                                                                                                                                                                                                                                                                                                                                                                                                                                                                                                                                                                                                                                                                                                                                                                                                                                                                                                                                                                                                                                                                                                                                                                                                                                                                                                                                               ^
/data/home/scv6140/.conda/envs/owdetr-v2/lib/python3.8/site-packages/torch/include/ATen/core/TensorBody.h:235:1: note: declared here
   T * data() const {
 ^ ~~
/data/run01/scv6140/ow-detr/OW-DETR/models/ops/src/cuda/ms_deform_attn_cuda.cu:134:1431: warning: ‘T* at::Tensor::data() const [with T = double]’ is deprecated: Tensor.data<T>() is deprecated. Please use Tensor.data_ptr<T>() instead. [-Wdeprecated-declarations]
         AT_DISPATCH_FLOATING_TYPES(value.type(), "ms_deform_attn_backward_cuda", ([&] {
                                                                                                                                                                                                                                                                                                                                                                                                                                                                                                                                                                                                                                                                                                                                                                                                                                                                                                                                                                                                                                                                                                                                                                                                                                                                                                                                                                                                                                                                                       ^
/data/home/scv6140/.conda/envs/owdetr-v2/lib/python3.8/site-packages/torch/include/ATen/core/TensorBody.h:235:1: note: declared here
   T * data() const {
 ^ ~~
/data/run01/scv6140/ow-detr/OW-DETR/models/ops/src/cuda/ms_deform_attn_cuda.cu: In lambda function:
/data/run01/scv6140/ow-detr/OW-DETR/models/ops/src/cuda/ms_deform_attn_cuda.cu:134:2215: warning: ‘T* at::Tensor::data() const [with T = float]’ is deprecated: Tensor.data<T>() is deprecated. Please use Tensor.data_ptr<T>() instead. [-Wdeprecated-declarations]
         AT_DISPATCH_FLOATING_TYPES(value.type(), "ms_deform_attn_backward_cuda", ([&] {
                                                                                                                                                                                                                                                                                                                                                                                                                                                                                                                                                                                                                                                                                                                                                                                                                                                                                                                                                                                                                                                                                                                                                                                                                                                                                                                                                                                                                                                                                                                                                                                                                                                                                                                                                                                                                                                                                                                                                                                                                                                                                                                                                                                                                                                                                                       ^
/data/home/scv6140/.conda/envs/owdetr-v2/lib/python3.8/site-packages/torch/include/ATen/core/TensorBody.h:235:1: note: declared here
   T * data() const {
 ^ ~~
/data/run01/scv6140/ow-detr/OW-DETR/models/ops/src/cuda/ms_deform_attn_cuda.cu:134:2240: warning: ‘T* at::Tensor::data() const [with T = float]’ is deprecated: Tensor.data<T>() is deprecated. Please use Tensor.data_ptr<T>() instead. [-Wdeprecated-declarations]
         AT_DISPATCH_FLOATING_TYPES(value.type(), "ms_deform_attn_backward_cuda", ([&] {
                                                                                                                                                                                                                                                                                                                                                                                                                                                                                                                                                                                                                                                                                                                                                                                                                                                                                                                                                                                                                                                                                                                                                                                                                                                                                                                                                                                                                                                                                                                                                                                                                                                                                                                                                                                                                                                                                                                                                                                                                                                                                                                                                                                                                                                                                                                                ^
/data/home/scv6140/.conda/envs/owdetr-v2/lib/python3.8/site-packages/torch/include/ATen/core/TensorBody.h:235:1: note: declared here
   T * data() const {
 ^ ~~
/data/run01/scv6140/ow-detr/OW-DETR/models/ops/src/cuda/ms_deform_attn_cuda.cu:134:2319: warning: ‘T* at::Tensor::data() const [with T = long int]’ is deprecated: Tensor.data<T>() is deprecated. Please use Tensor.data_ptr<T>() instead. [-Wdeprecated-declarations]
         AT_DISPATCH_FLOATING_TYPES(value.type(), "ms_deform_attn_backward_cuda", ([&] {
                                                                                                                                                                                                                                                                                                                                                                                                                                                                                                                                                                                                                                                                                                                                                                                                                                                                                                                                                                                                                                                                                                                                                                                                                                                                                                                                                                                                                                                                                                                                                                                                                                                                                                                                                                                                                                                                                                                                                                                                                                                                                                                                                                                                                                                                                                                                                                                                               ^
/data/home/scv6140/.conda/envs/owdetr-v2/lib/python3.8/site-packages/torch/include/ATen/core/TensorBody.h:235:1: note: declared here
   T * data() const {
 ^ ~~
/data/run01/scv6140/ow-detr/OW-DETR/models/ops/src/cuda/ms_deform_attn_cuda.cu:134:2355: warning: ‘T* at::Tensor::data() const [with T = long int]’ is deprecated: Tensor.data<T>() is deprecated. Please use Tensor.data_ptr<T>() instead. [-Wdeprecated-declarations]
         AT_DISPATCH_FLOATING_TYPES(value.type(), "ms_deform_attn_backward_cuda", ([&] {
                                                                                                                                                                                                                                                                                                                                                                                                                                                                                                                                                                                                                                                                                                                                                                                                                                                                                                                                                                                                                                                                                                                                                                                                                                                                                                                                                                                                                                                                                                                                                                                                                                                                                                                                                                                                                                                                                                                                                                                                                                                                                                                                                                                                                                                                                                                                                                                                                                                   ^
/data/home/scv6140/.conda/envs/owdetr-v2/lib/python3.8/site-packages/torch/include/ATen/core/TensorBody.h:235:1: note: declared here
   T * data() const {
 ^ ~~
/data/run01/scv6140/ow-detr/OW-DETR/models/ops/src/cuda/ms_deform_attn_cuda.cu:134:2387: warning: ‘T* at::Tensor::data() const [with T = float]’ is deprecated: Tensor.data<T>() is deprecated. Please use Tensor.data_ptr<T>() instead. [-Wdeprecated-declarations]
         AT_DISPATCH_FLOATING_TYPES(value.type(), "ms_deform_attn_backward_cuda", ([&] {
                                                                                                                                                                                                                                                                                                                                                                                                                                                                                                                                                                                                                                                                                                                                                                                                                                                                                                                                                                                                                                                                                                                                                                                                                                                                                                                                                                                                                                                                                                                                                                                                                                                                                                                                                                                                                                                                                                                                                                                                                                                                                                                                                                                                                                                                                                                                                                                                                                                                                   ^
/data/home/scv6140/.conda/envs/owdetr-v2/lib/python3.8/site-packages/torch/include/ATen/core/TensorBody.h:235:1: note: declared here
   T * data() const {
 ^ ~~
/data/run01/scv6140/ow-detr/OW-DETR/models/ops/src/cuda/ms_deform_attn_cuda.cu:134:2469: warning: ‘T* at::Tensor::data() const [with T = float]’ is deprecated: Tensor.data<T>() is deprecated. Please use Tensor.data_ptr<T>() instead. [-Wdeprecated-declarations]
         AT_DISPATCH_FLOATING_TYPES(value.type(), "ms_deform_attn_backward_cuda", ([&] {
                                                                                                                                                                                                                                                                                                                                                                                                                                                                                                                                                                                                                                                                                                                                                                                                                                                                                                                                                                                                                                                                                                                                                                                                                                                                                                                                                                                                                                                                                                                                                                                                                                                                                                                                                                                                                                                                                                                                                                                                                                                                                                                                                                                                                                                                                                                                                                                                                                                                                                                                                                     ^
/data/home/scv6140/.conda/envs/owdetr-v2/lib/python3.8/site-packages/torch/include/ATen/core/TensorBody.h:235:1: note: declared here
   T * data() const {
 ^ ~~
/data/run01/scv6140/ow-detr/OW-DETR/models/ops/src/cuda/ms_deform_attn_cuda.cu:134:2629: warning: ‘T* at::Tensor::data() const [with T = float]’ is deprecated: Tensor.data<T>() is deprecated. Please use Tensor.data_ptr<T>() instead. [-Wdeprecated-declarations]
         AT_DISPATCH_FLOATING_TYPES(value.type(), "ms_deform_attn_backward_cuda", ([&] {
                                                                                                                                                                                                                                                                                                                                                                                                                                                                                                                                                                                                                                                                                                                                                                                                                                                                                                                                                                                                                                                                                                                                                                                                                                                                                                                                                                                                                                                                                                                                                                                                                                                                                                                                                                                                                                                                                                                                                                                                                                                                                                                                                                                                                                                                                                                                                                                                                                                                                                                                                                                                                                                                                                                                     ^
/data/home/scv6140/.conda/envs/owdetr-v2/lib/python3.8/site-packages/torch/include/ATen/core/TensorBody.h:235:1: note: declared here
   T * data() const {
 ^ ~~
/data/run01/scv6140/ow-detr/OW-DETR/models/ops/src/cuda/ms_deform_attn_cuda.cu:134:2712: warning: ‘T* at::Tensor::data() const [with T = float]’ is deprecated: Tensor.data<T>() is deprecated. Please use Tensor.data_ptr<T>() instead. [-Wdeprecated-declarations]
         AT_DISPATCH_FLOATING_TYPES(value.type(), "ms_deform_attn_backward_cuda", ([&] {
                                                                                                                                                                                                                                                                                                                                                                                                                                                                                                                                                                                                                                                                                                                                                                                                                                                                                                                                                                                                                                                                                                                                                                                                                                                                                                                                                                                                                                                                                                                                                                                                                                                                                                                                                                                                                                                                                                                                                                                                                                                                                                                                                                                                                                                                                                                                                                                                                                                                                                                                                                                                                                                                                                                                                                                                                        ^
/data/home/scv6140/.conda/envs/owdetr-v2/lib/python3.8/site-packages/torch/include/ATen/core/TensorBody.h:235:1: note: declared here
   T * data() const {
 ^ ~~
/data/run01/scv6140/ow-detr/OW-DETR/models/ops/src/cuda/ms_deform_attn_cuda.cu:134:2799: warning: ‘T* at::Tensor::data() const [with T = float]’ is deprecated: Tensor.data<T>() is deprecated. Please use Tensor.data_ptr<T>() instead. [-Wdeprecated-declarations]
         AT_DISPATCH_FLOATING_TYPES(value.type(), "ms_deform_attn_backward_cuda", ([&] {
                                                                                                                                                                                                                                                                                                                                                                                                                                                                                                                                                                                                                                                                                                                                                                                                                                                                                                                                                                                                                                                                                                                                                                                                                                                                                                                                                                                                                                                                                                                                                                                                                                                                                                                                                                                                                                                                                                                                                                                                                                                                                                                                                                                                                                                                                                                                                                                                                                                                                                                                                                                                                                                                                                                                                                                                                                                                                                               ^
/data/home/scv6140/.conda/envs/owdetr-v2/lib/python3.8/site-packages/torch/include/ATen/core/TensorBody.h:235:1: note: declared here
   T * data() const {
 ^ ~~
gcc -pthread -B /data/home/scv6140/.conda/envs/owdetr-v2/compiler_compat -Wl,--sysroot=/ -Wsign-compare -DNDEBUG -g -fwrapv -O3 -Wall -Wstrict-prototypes -fPIC -DWITH_CUDA -I/data/run01/scv6140/ow-detr/OW-DETR/models/ops/src -I/data/home/scv6140/.conda/envs/owdetr-v2/lib/python3.8/site-packages/torch/include -I/data/home/scv6140/.conda/envs/owdetr-v2/lib/python3.8/site-packages/torch/include/torch/csrc/api/include -I/data/home/scv6140/.conda/envs/owdetr-v2/lib/python3.8/site-packages/torch/include/TH -I/data/home/scv6140/.conda/envs/owdetr-v2/lib/python3.8/site-packages/torch/include/THC -I/data/apps/CUDA/11.3.1/include -I/data/home/scv6140/.conda/envs/owdetr-v2/include/python3.8 -c /data/run01/scv6140/ow-detr/OW-DETR/models/ops/src/vision.cpp -o build/temp.linux-x86_64-3.8/data/run01/scv6140/ow-detr/OW-DETR/models/ops/src/vision.o -DTORCH_API_INCLUDE_EXTENSION_H -DPYBIND11_COMPILER_TYPE=\"_gcc\" -DPYBIND11_STDLIB=\"_libstdcpp\" -DPYBIND11_BUILD_ABI=\"_cxxabi1013\" -DTORCH_EXTENSION_NAME=MultiScaleDeformableAttention -D_GLIBCXX_USE_CXX11_ABI=0 -std=c++14
cc1plus: warning: command line option ‘-Wstrict-prototypes’ is valid for C/ObjC but not for C++
In file included from /data/run01/scv6140/ow-detr/OW-DETR/models/ops/src/vision.cpp:11:0:
/data/run01/scv6140/ow-detr/OW-DETR/models/ops/src/ms_deform_attn.h: In function ‘at::Tensor ms_deform_attn_forward(const at::Tensor&, const at::Tensor&, const at::Tensor&, const at::Tensor&, const at::Tensor&, int)’:
/data/run01/scv6140/ow-detr/OW-DETR/models/ops/src/ms_deform_attn.h:29:20: warning: ‘at::DeprecatedTypeProperties& at::Tensor::type() const’ is deprecated: Tensor.type() is deprecated. Instead use Tensor.options(), which in many cases (e.g. in a constructor) is a drop-in replacement. If you were using data from type(), that is now available from Tensor itself, so instead of tensor.type().scalar_type(), use tensor.scalar_type() instead and instead of tensor.type().backend() use tensor.device(). [-Wdeprecated-declarations]
     if (value.type().is_cuda())
                    ^
In file included from /data/home/scv6140/.conda/envs/owdetr-v2/lib/python3.8/site-packages/torch/include/ATen/core/Tensor.h:3:0,
                 from /data/home/scv6140/.conda/envs/owdetr-v2/lib/python3.8/site-packages/torch/include/ATen/DeviceGuard.h:4,
                 from /data/home/scv6140/.conda/envs/owdetr-v2/lib/python3.8/site-packages/torch/include/ATen/ATen.h:11,
                 from /data/home/scv6140/.conda/envs/owdetr-v2/lib/python3.8/site-packages/torch/include/torch/csrc/api/include/torch/types.h:3,
                 from /data/home/scv6140/.conda/envs/owdetr-v2/lib/python3.8/site-packages/torch/include/torch/csrc/api/include/torch/data/dataloader_options.h:4,
                 from /data/home/scv6140/.conda/envs/owdetr-v2/lib/python3.8/site-packages/torch/include/torch/csrc/api/include/torch/data/dataloader/base.h:3,
                 from /data/home/scv6140/.conda/envs/owdetr-v2/lib/python3.8/site-packages/torch/include/torch/csrc/api/include/torch/data/dataloader/stateful.h:3,
                 from /data/home/scv6140/.conda/envs/owdetr-v2/lib/python3.8/site-packages/torch/include/torch/csrc/api/include/torch/data/dataloader.h:3,
                 from /data/home/scv6140/.conda/envs/owdetr-v2/lib/python3.8/site-packages/torch/include/torch/csrc/api/include/torch/data.h:3,
                 from /data/home/scv6140/.conda/envs/owdetr-v2/lib/python3.8/site-packages/torch/include/torch/csrc/api/include/torch/all.h:8,
                 from /data/home/scv6140/.conda/envs/owdetr-v2/lib/python3.8/site-packages/torch/include/torch/extension.h:4,
                 from /data/run01/scv6140/ow-detr/OW-DETR/models/ops/src/cpu/ms_deform_attn_cpu.h:12,
                 from /data/run01/scv6140/ow-detr/OW-DETR/models/ops/src/ms_deform_attn.h:13,
                 from /data/run01/scv6140/ow-detr/OW-DETR/models/ops/src/vision.cpp:11:
/data/home/scv6140/.conda/envs/owdetr-v2/lib/python3.8/site-packages/torch/include/ATen/core/TensorBody.h:213:30: note: declared here
   DeprecatedTypeProperties & type() const {
                              ^~~~
In file included from /data/run01/scv6140/ow-detr/OW-DETR/models/ops/src/vision.cpp:11:0:
/data/run01/scv6140/ow-detr/OW-DETR/models/ops/src/ms_deform_attn.h: In function ‘std::vector<at::Tensor> ms_deform_attn_backward(const at::Tensor&, const at::Tensor&, const at::Tensor&, const at::Tensor&, const at::Tensor&, const at::Tensor&, int)’:
/data/run01/scv6140/ow-detr/OW-DETR/models/ops/src/ms_deform_attn.h:51:20: warning: ‘at::DeprecatedTypeProperties& at::Tensor::type() const’ is deprecated: Tensor.type() is deprecated. Instead use Tensor.options(), which in many cases (e.g. in a constructor) is a drop-in replacement. If you were using data from type(), that is now available from Tensor itself, so instead of tensor.type().scalar_type(), use tensor.scalar_type() instead and instead of tensor.type().backend() use tensor.device(). [-Wdeprecated-declarations]
     if (value.type().is_cuda())
                    ^
In file included from /data/home/scv6140/.conda/envs/owdetr-v2/lib/python3.8/site-packages/torch/include/ATen/core/Tensor.h:3:0,
                 from /data/home/scv6140/.conda/envs/owdetr-v2/lib/python3.8/site-packages/torch/include/ATen/DeviceGuard.h:4,
                 from /data/home/scv6140/.conda/envs/owdetr-v2/lib/python3.8/site-packages/torch/include/ATen/ATen.h:11,
                 from /data/home/scv6140/.conda/envs/owdetr-v2/lib/python3.8/site-packages/torch/include/torch/csrc/api/include/torch/types.h:3,
                 from /data/home/scv6140/.conda/envs/owdetr-v2/lib/python3.8/site-packages/torch/include/torch/csrc/api/include/torch/data/dataloader_options.h:4,
                 from /data/home/scv6140/.conda/envs/owdetr-v2/lib/python3.8/site-packages/torch/include/torch/csrc/api/include/torch/data/dataloader/base.h:3,
                 from /data/home/scv6140/.conda/envs/owdetr-v2/lib/python3.8/site-packages/torch/include/torch/csrc/api/include/torch/data/dataloader/stateful.h:3,
                 from /data/home/scv6140/.conda/envs/owdetr-v2/lib/python3.8/site-packages/torch/include/torch/csrc/api/include/torch/data/dataloader.h:3,
                 from /data/home/scv6140/.conda/envs/owdetr-v2/lib/python3.8/site-packages/torch/include/torch/csrc/api/include/torch/data.h:3,
                 from /data/home/scv6140/.conda/envs/owdetr-v2/lib/python3.8/site-packages/torch/include/torch/csrc/api/include/torch/all.h:8,
                 from /data/home/scv6140/.conda/envs/owdetr-v2/lib/python3.8/site-packages/torch/include/torch/extension.h:4,
                 from /data/run01/scv6140/ow-detr/OW-DETR/models/ops/src/cpu/ms_deform_attn_cpu.h:12,
                 from /data/run01/scv6140/ow-detr/OW-DETR/models/ops/src/ms_deform_attn.h:13,
                 from /data/run01/scv6140/ow-detr/OW-DETR/models/ops/src/vision.cpp:11:
/data/home/scv6140/.conda/envs/owdetr-v2/lib/python3.8/site-packages/torch/include/ATen/core/TensorBody.h:213:30: note: declared here
   DeprecatedTypeProperties & type() const {
                              ^~~~
g++ -pthread -B /data/home/scv6140/.conda/envs/owdetr-v2/compiler_compat -Wl,--sysroot=/ -pthread -shared -B /data/home/scv6140/.conda/envs/owdetr-v2/compiler_compat -L/data/home/scv6140/.conda/envs/owdetr-v2/lib -Wl,-rpath=/data/home/scv6140/.conda/envs/owdetr-v2/lib -Wl,--no-as-needed -Wl,--sysroot=/ build/temp.linux-x86_64-3.8/data/run01/scv6140/ow-detr/OW-DETR/models/ops/src/cpu/ms_deform_attn_cpu.o build/temp.linux-x86_64-3.8/data/run01/scv6140/ow-detr/OW-DETR/models/ops/src/cuda/ms_deform_attn_cuda.o build/temp.linux-x86_64-3.8/data/run01/scv6140/ow-detr/OW-DETR/models/ops/src/vision.o -L/data/home/scv6140/.conda/envs/owdetr-v2/lib/python3.8/site-packages/torch/lib -L/data/apps/CUDA/11.3.1/lib64 -lc10 -ltorch -ltorch_cpu -ltorch_python -lcudart -lc10_cuda -ltorch_cuda_cu -ltorch_cuda_cpp -o build/lib.linux-x86_64-3.8/MultiScaleDeformableAttention.cpython-38-x86_64-linux-gnu.so
running install
running bdist_egg
running egg_info
creating MultiScaleDeformableAttention.egg-info
writing MultiScaleDeformableAttention.egg-info/PKG-INFO
writing dependency_links to MultiScaleDeformableAttention.egg-info/dependency_links.txt
writing top-level names to MultiScaleDeformableAttention.egg-info/top_level.txt
writing manifest file 'MultiScaleDeformableAttention.egg-info/SOURCES.txt'
reading manifest file 'MultiScaleDeformableAttention.egg-info/SOURCES.txt'
writing manifest file 'MultiScaleDeformableAttention.egg-info/SOURCES.txt'
installing library code to build/bdist.linux-x86_64/egg
running install_lib
creating build/bdist.linux-x86_64
creating build/bdist.linux-x86_64/egg
creating build/bdist.linux-x86_64/egg/functions
copying build/lib.linux-x86_64-3.8/functions/__init__.py -> build/bdist.linux-x86_64/egg/functions
copying build/lib.linux-x86_64-3.8/functions/ms_deform_attn_func.py -> build/bdist.linux-x86_64/egg/functions
copying build/lib.linux-x86_64-3.8/MultiScaleDeformableAttention.cpython-38-x86_64-linux-gnu.so -> build/bdist.linux-x86_64/egg
creating build/bdist.linux-x86_64/egg/modules
copying build/lib.linux-x86_64-3.8/modules/ms_deform_attn.py -> build/bdist.linux-x86_64/egg/modules
copying build/lib.linux-x86_64-3.8/modules/__init__.py -> build/bdist.linux-x86_64/egg/modules
byte-compiling build/bdist.linux-x86_64/egg/functions/__init__.py to __init__.cpython-38.pyc
byte-compiling build/bdist.linux-x86_64/egg/functions/ms_deform_attn_func.py to ms_deform_attn_func.cpython-38.pyc
byte-compiling build/bdist.linux-x86_64/egg/modules/ms_deform_attn.py to ms_deform_attn.cpython-38.pyc
byte-compiling build/bdist.linux-x86_64/egg/modules/__init__.py to __init__.cpython-38.pyc
creating stub loader for MultiScaleDeformableAttention.cpython-38-x86_64-linux-gnu.so
byte-compiling build/bdist.linux-x86_64/egg/MultiScaleDeformableAttention.py to MultiScaleDeformableAttention.cpython-38.pyc
creating build/bdist.linux-x86_64/egg/EGG-INFO
copying MultiScaleDeformableAttention.egg-info/PKG-INFO -> build/bdist.linux-x86_64/egg/EGG-INFO
copying MultiScaleDeformableAttention.egg-info/SOURCES.txt -> build/bdist.linux-x86_64/egg/EGG-INFO
copying MultiScaleDeformableAttention.egg-info/dependency_links.txt -> build/bdist.linux-x86_64/egg/EGG-INFO
copying MultiScaleDeformableAttention.egg-info/top_level.txt -> build/bdist.linux-x86_64/egg/EGG-INFO
writing build/bdist.linux-x86_64/egg/EGG-INFO/native_libs.txt
/data/home/scv6140/.conda/envs/owdetr-v2/lib/python3.8/site-packages/torch/utils/cpp_extension.py:411: UserWarning: Attempted to use ninja as the BuildExtension backend but we could not find ninja.. Falling back to using the slow distutils backend.
  warnings.warn(msg.format('we could not find ninja.'))
/data/home/scv6140/.conda/envs/owdetr-v2/lib/python3.8/site-packages/setuptools/command/install.py:34: SetuptoolsDeprecationWarning: setup.py install is deprecated. Use build and pip and other standards-based tools.
  warnings.warn(
/data/home/scv6140/.conda/envs/owdetr-v2/lib/python3.8/site-packages/setuptools/command/easy_install.py:144: EasyInstallDeprecationWarning: easy_install command is deprecated. Use build and pip and other standards-based tools.
  warnings.warn(
zip_safe flag not set; analyzing archive contents...
__pycache__.MultiScaleDeformableAttention.cpython-38: module references __file__
creating dist
creating 'dist/MultiScaleDeformableAttention-1.0-py3.8-linux-x86_64.egg' and adding 'build/bdist.linux-x86_64/egg' to it
removing 'build/bdist.linux-x86_64/egg' (and everything under it)
Processing MultiScaleDeformableAttention-1.0-py3.8-linux-x86_64.egg
creating /data/run01/scv6140/.conda/envs/owdetr-v2/lib/python3.8/site-packages/MultiScaleDeformableAttention-1.0-py3.8-linux-x86_64.egg
Extracting MultiScaleDeformableAttention-1.0-py3.8-linux-x86_64.egg to /data/run01/scv6140/.conda/envs/owdetr-v2/lib/python3.8/site-packages
Adding MultiScaleDeformableAttention 1.0 to easy-install.pth file

Installed /data/run01/scv6140/.conda/envs/owdetr-v2/lib/python3.8/site-packages/MultiScaleDeformableAttention-1.0-py3.8-linux-x86_64.egg
Processing dependencies for MultiScaleDeformableAttention==1.0
Finished processing dependencies for MultiScaleDeformableAttention==1.0
